[2024-12-02 14:00:55] Ticketing System initiated!
[2024-12-02 14:00:58] Vendor added ticket #1
[2024-12-02 14:01:00] Customer purchased ticket #1
[2024-12-02 14:01:01] Vendor added ticket #2
[2024-12-02 14:01:04] Vendor added ticket #3
[2024-12-02 14:01:05] Customer purchased ticket #2
[2024-12-02 14:01:07] Vendor added ticket #4
[2024-12-02 14:01:10] Customer purchased ticket #3
[2024-12-02 14:01:10] Vendor added ticket #5
[2024-12-02 14:01:13] Vendor added ticket #6
[2024-12-02 14:01:15] Customer purchased ticket #4
[2024-12-02 14:01:16] Vendor added ticket #7
[2024-12-02 14:01:19] Vendor added ticket #8
[2024-12-02 14:01:20] Customer purchased ticket #5
[2024-12-02 14:01:22] Vendor added ticket #9
[2024-12-02 14:01:25] Customer purchased ticket #6
[2024-12-02 14:01:25] Vendor added ticket #10
[2024-12-02 14:01:28] Vendor added ticket #11
[2024-12-02 14:01:30] Customer purchased ticket #7
[2024-12-02 14:01:31] Vendor added ticket #12
[2024-12-02 14:01:32] Ticketing System stopped!
[2024-12-02 15:48:14] Vendor added ticket #1
[2024-12-02 15:48:15] Customer purchased ticket #1
[2024-12-02 15:48:17] Vendor added ticket #2
[2024-12-02 15:48:20] Vendor added ticket #3
[2024-12-02 15:48:21] Customer purchased ticket #2
[2024-12-02 15:48:23] Vendor added ticket #4
[2024-12-02 15:48:26] Customer purchased ticket #3
[2024-12-02 15:48:26] Vendor added ticket #5
[2024-12-02 15:48:29] Vendor added ticket #6
[2024-12-02 15:49:46] Ticketing System initiated!
[2024-12-02 15:49:47] Vendor added ticket #1
[2024-12-02 15:49:48] Customer purchased ticket #1
[2024-12-02 15:49:48] Vendor added ticket #2
[2024-12-02 15:49:49] Vendor added ticket #3
[2024-12-02 15:49:50] Customer purchased ticket #2
[2024-12-02 15:49:50] Vendor added ticket #4
[2024-12-02 15:49:51] Vendor added ticket #5
[2024-12-02 15:49:52] Customer purchased ticket #3
[2024-12-02 15:49:52] Vendor added ticket #6
[2024-12-02 15:49:53] Vendor added ticket #7
[2024-12-02 15:49:54] Customer purchased ticket #4
[2024-12-02 15:49:54] Vendor added ticket #8
[2024-12-02 15:49:55] Vendor added ticket #9
[2024-12-02 15:49:56] Customer purchased ticket #5
[2024-12-02 15:49:56] Vendor added ticket #10
[2024-12-02 15:49:57] Vendor added ticket #11
[2024-12-02 15:49:58] Customer purchased ticket #6
[2024-12-02 15:49:58] Vendor added ticket #12
[2024-12-02 15:49:59] Vendor added ticket #13
[2024-12-02 15:50:00] Customer purchased ticket #7
[2024-12-02 15:50:00] Vendor added ticket #14
[2024-12-02 15:50:01] Vendor added ticket #15
[2024-12-02 15:50:02] Customer purchased ticket #8
[2024-12-02 15:50:02] Vendor added ticket #16
[2024-12-02 15:50:03] Vendor added ticket #17
[2024-12-02 15:50:04] Customer purchased ticket #9
[2024-12-02 15:50:04] Vendor added ticket #18
[2024-12-02 15:50:05] Vendor added ticket #19
[2024-12-02 15:50:06] Customer purchased ticket #10
[2024-12-02 15:50:06] Vendor added ticket #20
[2024-12-02 15:50:07] Vendor added ticket #21
[2024-12-02 15:50:08] Customer purchased ticket #11
[2024-12-02 15:50:08] Vendor added ticket #22
[2024-12-02 15:50:09] Vendor added ticket #23
[2024-12-02 15:50:10] Customer purchased ticket #12
[2024-12-02 15:50:10] Vendor added ticket #24
[2024-12-02 15:50:11] Vendor added ticket #25
[2024-12-02 15:50:12] Customer purchased ticket #13
[2024-12-02 15:50:12] Vendor added ticket #26
[2024-12-02 15:50:13] Vendor added ticket #27
[2024-12-02 15:50:14] Customer purchased ticket #14
[2024-12-02 15:50:14] Vendor added ticket #28
[2024-12-02 15:50:15] Vendor added ticket #29
[2024-12-02 15:50:16] Customer purchased ticket #15
[2024-12-02 15:50:16] Vendor added ticket #30
[2024-12-02 15:50:17] Vendor added ticket #31
[2024-12-02 15:50:18] Customer purchased ticket #16
[2024-12-02 15:50:18] Vendor added ticket #32
[2024-12-02 15:50:19] Vendor added ticket #33
[2024-12-02 15:50:20] Customer purchased ticket #17
[2024-12-02 15:50:20] Vendor added ticket #34
[2024-12-02 15:50:21] Vendor added ticket #35
[2024-12-02 15:50:22] Customer purchased ticket #18
[2024-12-02 15:50:23] Vendor added ticket #36
[2024-12-02 15:50:24] Vendor added ticket #37
[2024-12-02 15:50:24] Customer purchased ticket #19
[2024-12-02 15:50:25] Vendor added ticket #38
[2024-12-02 15:50:26] Vendor added ticket #39
[2024-12-02 15:50:26] Customer purchased ticket #20
[2024-12-02 15:50:27] Vendor added ticket #40
[2024-12-02 15:50:28] Vendor added ticket #41
[2024-12-02 15:50:28] Customer purchased ticket #21
[2024-12-02 15:50:29] Vendor added ticket #42
[2024-12-02 15:50:30] Vendor added ticket #43
[2024-12-02 15:50:30] Customer purchased ticket #22
[2024-12-02 15:50:31] Vendor added ticket #44
[2024-12-02 15:50:32] Vendor added ticket #45
[2024-12-02 15:50:32] Customer purchased ticket #23
[2024-12-02 15:50:33] Vendor added ticket #46
[2024-12-02 15:50:34] Vendor added ticket #47
[2024-12-02 15:50:34] Customer purchased ticket #24
[2024-12-02 15:50:35] Vendor added ticket #48
[2024-12-02 15:50:36] Vendor added ticket #49
[2024-12-02 15:50:36] Customer purchased ticket #25
[2024-12-02 15:50:37] Vendor added ticket #50
[2024-12-02 15:50:38] Vendor added ticket #51
[2024-12-02 15:50:38] Customer purchased ticket #26
[2024-12-02 15:50:39] Vendor added ticket #52
[2024-12-02 15:50:40] Vendor added ticket #53
[2024-12-02 15:50:40] Customer purchased ticket #27
[2024-12-02 15:50:41] Vendor added ticket #54
[2024-12-02 15:50:42] Vendor added ticket #55
[2024-12-02 15:50:42] Customer purchased ticket #28
[2024-12-02 15:50:43] Vendor added ticket #56
[2024-12-02 15:50:44] Vendor added ticket #57
[2024-12-02 15:50:44] Customer purchased ticket #29
[2024-12-02 15:50:45] Vendor added ticket #58
[2024-12-02 15:50:46] Vendor added ticket #59
[2024-12-02 15:50:46] Customer purchased ticket #30
[2024-12-02 15:50:47] Vendor added ticket #60
[2024-12-02 15:50:48] Vendor added ticket #61
[2024-12-02 15:50:48] Customer purchased ticket #31
[2024-12-02 15:50:49] Vendor added ticket #62
[2024-12-02 15:50:50] Vendor added ticket #63
[2024-12-02 15:50:50] Customer purchased ticket #32
[2024-12-02 15:50:51] Vendor added ticket #64
[2024-12-02 15:50:52] Vendor added ticket #65
[2024-12-02 15:50:52] Customer purchased ticket #33
[2024-12-02 15:50:53] Vendor added ticket #66
[2024-12-02 15:50:54] Vendor added ticket #67
[2024-12-02 15:50:54] Customer purchased ticket #34
[2024-12-02 15:50:55] Vendor added ticket #68
[2024-12-02 15:50:56] Vendor added ticket #69
[2024-12-02 15:50:56] Customer purchased ticket #35
[2024-12-02 15:50:57] Vendor added ticket #70
[2024-12-02 15:50:58] Vendor added ticket #71
[2024-12-02 15:50:58] Customer purchased ticket #36
[2024-12-02 15:50:59] Vendor added ticket #72
[2024-12-02 15:51:00] Vendor added ticket #73
[2024-12-02 15:51:00] Customer purchased ticket #37
[2024-12-02 15:51:01] Vendor added ticket #74
[2024-12-02 15:51:02] Vendor added ticket #75
[2024-12-02 15:51:02] Customer purchased ticket #38
[2024-12-02 15:51:03] Vendor added ticket #76
[2024-12-02 15:51:04] Vendor added ticket #77
[2024-12-02 15:51:04] Customer purchased ticket #39
[2024-12-02 15:51:05] Vendor added ticket #78
[2024-12-02 15:51:06] Vendor added ticket #79
[2024-12-02 15:51:33] Ticketing System initiated!
[2024-12-02 15:51:34] Customer attempted to purchase a ticket, none were available.
[2024-12-02 15:51:34] Vendor added ticket #1
[2024-12-02 15:51:35] Vendor added ticket #2
[2024-12-02 15:51:35] Customer purchased ticket #1
[2024-12-02 15:51:36] Customer purchased ticket #2
[2024-12-02 15:51:36] Vendor added ticket #3
[2024-12-02 15:51:37] Vendor added ticket #4
[2024-12-02 15:51:37] Customer purchased ticket #3
[2024-12-02 15:51:38] Customer purchased ticket #4
[2024-12-02 15:51:38] Vendor added ticket #5
[2024-12-02 15:51:39] Customer purchased ticket #5
[2024-12-02 15:51:39] Vendor added ticket #6
[2024-12-02 15:51:40] Customer purchased ticket #6
[2024-12-02 15:51:40] Vendor added ticket #7
[2024-12-02 15:51:41] Customer purchased ticket #7
[2024-12-02 15:51:41] Vendor added ticket #8
[2024-12-02 15:51:42] Customer purchased ticket #8
[2024-12-02 15:51:42] Vendor added ticket #9
[2024-12-02 15:51:43] Customer purchased ticket #9
[2024-12-02 15:51:43] Vendor added ticket #10
[2024-12-02 15:51:44] Customer purchased ticket #10
[2024-12-02 15:51:44] Vendor added ticket #11
[2024-12-02 15:51:45] Customer purchased ticket #11
[2024-12-02 15:51:45] Vendor added ticket #12
[2024-12-02 15:51:46] Vendor added ticket #13
[2024-12-02 15:51:46] Customer purchased ticket #12
[2024-12-02 15:51:47] Customer purchased ticket #13
[2024-12-02 15:51:47] Vendor added ticket #14
[2024-12-02 15:51:48] Vendor added ticket #15
[2024-12-02 15:51:48] Customer purchased ticket #14
[2024-12-02 15:51:49] Customer purchased ticket #15
[2024-12-02 15:51:49] Vendor added ticket #16
[2024-12-02 15:51:50] Customer purchased ticket #16
[2024-12-02 15:51:50] Vendor added ticket #17
[2024-12-02 15:51:51] Customer purchased ticket #17
[2024-12-02 15:51:51] Vendor added ticket #18
[2024-12-02 15:51:52] Customer purchased ticket #18
[2024-12-02 15:51:52] Vendor added ticket #19
[2024-12-02 15:51:53] Customer purchased ticket #19
[2024-12-02 15:51:53] Vendor added ticket #20
[2024-12-02 15:51:54] Customer purchased ticket #20
[2024-12-02 15:51:54] Vendor added ticket #21
[2024-12-02 15:51:55] Customer purchased ticket #21
[2024-12-02 15:51:55] Vendor added ticket #22
[2024-12-02 15:51:56] Customer purchased ticket #22
[2024-12-02 15:51:56] Vendor added ticket #23
[2024-12-02 15:51:57] Customer purchased ticket #23
[2024-12-02 15:51:57] Vendor added ticket #24
[2024-12-02 15:51:58] Customer purchased ticket #24
[2024-12-02 15:51:58] Vendor added ticket #25
[2024-12-02 15:51:59] Customer purchased ticket #25
[2024-12-02 15:51:59] Vendor added ticket #26
[2024-12-02 15:52:00] Customer purchased ticket #26
[2024-12-02 15:52:00] Vendor added ticket #27
[2024-12-02 15:52:01] Customer purchased ticket #27
[2024-12-02 15:52:01] Vendor added ticket #28
[2024-12-02 15:52:02] Customer purchased ticket #28
[2024-12-02 15:52:02] Vendor added ticket #29
[2024-12-02 15:52:03] Customer purchased ticket #29
[2024-12-02 15:52:03] Vendor added ticket #30
[2024-12-02 15:52:04] Customer purchased ticket #30
[2024-12-02 15:52:04] Vendor added ticket #31
[2024-12-02 15:52:05] Customer purchased ticket #31
[2024-12-02 15:52:05] Vendor added ticket #32
[2024-12-02 15:52:06] Customer purchased ticket #32
[2024-12-02 15:52:06] Vendor added ticket #33
[2024-12-02 15:52:07] Customer purchased ticket #33
[2024-12-02 15:52:07] Vendor added ticket #34
[2024-12-02 15:52:08] Customer purchased ticket #34
[2024-12-02 15:52:08] Vendor added ticket #35
[2024-12-02 15:52:09] Customer purchased ticket #35
[2024-12-02 15:52:09] Vendor added ticket #36
[2024-12-02 15:52:10] Customer purchased ticket #36
[2024-12-02 15:52:10] Vendor added ticket #37
[2024-12-02 15:52:11] Customer purchased ticket #37
[2024-12-02 15:52:11] Vendor added ticket #38
[2024-12-02 15:52:12] Customer purchased ticket #38
[2024-12-02 15:52:12] Vendor added ticket #39
[2024-12-02 15:52:13] Customer purchased ticket #39
[2024-12-02 15:52:13] Vendor added ticket #40
[2024-12-02 15:52:14] Customer purchased ticket #40
[2024-12-02 15:52:14] Vendor added ticket #41
[2024-12-02 15:52:15] Customer purchased ticket #41
[2024-12-02 15:52:15] Vendor added ticket #42
[2024-12-02 15:52:16] Customer purchased ticket #42
[2024-12-02 15:52:16] Vendor added ticket #43
[2024-12-02 15:52:17] Customer purchased ticket #43
[2024-12-02 15:52:17] Vendor added ticket #44
[2024-12-02 15:52:18] Customer purchased ticket #44
[2024-12-02 15:52:18] Vendor added ticket #45
[2024-12-02 15:52:19] Customer purchased ticket #45
[2024-12-02 15:52:19] Vendor added ticket #46
[2024-12-02 15:52:20] Customer purchased ticket #46
[2024-12-02 15:52:20] Vendor added ticket #47
[2024-12-02 15:52:21] Customer purchased ticket #47
[2024-12-02 15:52:21] Vendor added ticket #48
[2024-12-02 15:52:22] Customer purchased ticket #48
[2024-12-02 15:52:22] Vendor added ticket #49
[2024-12-02 15:52:23] Customer purchased ticket #49
[2024-12-02 15:52:23] Vendor added ticket #50
[2024-12-02 15:52:24] Customer purchased ticket #50
[2024-12-02 15:52:24] Vendor added ticket #51
[2024-12-02 15:52:25] Customer purchased ticket #51
[2024-12-02 15:52:25] Vendor added ticket #52
[2024-12-02 15:52:26] Customer purchased ticket #52
[2024-12-02 15:52:26] Vendor added ticket #53
[2024-12-02 15:52:27] Customer purchased ticket #53
[2024-12-02 15:52:27] Vendor added ticket #54
[2024-12-02 15:52:28] Customer purchased ticket #54
[2024-12-02 15:52:28] Vendor added ticket #55
[2024-12-02 15:52:29] Customer purchased ticket #55
[2024-12-02 15:52:29] Vendor added ticket #56
[2024-12-02 15:52:30] Customer purchased ticket #56
[2024-12-02 15:52:30] Vendor added ticket #57
[2024-12-02 15:52:31] Customer purchased ticket #57
[2024-12-02 15:52:31] Vendor added ticket #58
[2024-12-02 15:52:32] Customer purchased ticket #58
[2024-12-02 15:52:32] Vendor added ticket #59
[2024-12-02 15:52:33] Customer purchased ticket #59
[2024-12-02 15:52:33] Vendor added ticket #60
[2024-12-02 16:29:45] Ticketing System initiated!
[2024-12-02 16:29:45] Vendor thread exiting - Ticket limit reached.
[2024-12-02 16:29:46] Customer attempted to purchase a ticket, none were available.
[2024-12-02 16:29:47] Customer attempted to purchase a ticket, none were available.
[2024-12-02 16:29:48] Customer attempted to purchase a ticket, none were available.
[2024-12-02 16:29:49] Customer attempted to purchase a ticket, none were available.
[2024-12-02 16:29:50] Customer attempted to purchase a ticket, none were available.
[2024-12-02 16:29:51] Customer attempted to purchase a ticket, none were available.
[2024-12-02 16:29:52] Customer attempted to purchase a ticket, none were available.
[2024-12-02 16:29:53] Customer attempted to purchase a ticket, none were available.
[2024-12-02 16:29:54] Customer attempted to purchase a ticket, none were available.
[2024-12-02 16:29:55] Customer attempted to purchase a ticket, none were available.
[2024-12-02 16:29:56] Customer attempted to purchase a ticket, none were available.
[2024-12-02 16:29:57] Customer attempted to purchase a ticket, none were available.
[2024-12-02 16:29:58] Customer attempted to purchase a ticket, none were available.
[2024-12-02 16:29:59] Customer attempted to purchase a ticket, none were available.
[2024-12-02 16:30:00] Customer attempted to purchase a ticket, none were available.
[2024-12-02 16:30:01] Customer attempted to purchase a ticket, none were available.
[2024-12-02 16:30:02] Customer attempted to purchase a ticket, none were available.
[2024-12-02 16:30:03] Customer attempted to purchase a ticket, none were available.
[2024-12-02 16:30:04] Customer attempted to purchase a ticket, none were available.
[2024-12-02 16:30:05] Customer attempted to purchase a ticket, none were available.
[2024-12-02 16:30:06] Customer attempted to purchase a ticket, none were available.
[2024-12-02 16:30:07] Customer attempted to purchase a ticket, none were available.
[2024-12-02 16:30:08] Customer attempted to purchase a ticket, none were available.
[2024-12-02 16:30:09] Customer attempted to purchase a ticket, none were available.
[2024-12-02 16:32:58] Ticketing System initiated!
[2024-12-02 16:32:58] Vendor thread exiting - Ticket limit reached.
